g:\workspace\ichat\third_party\openssl\default\obj\ssl\ssl\vc80.pdb
g:\workspace\ichat\third_party\openssl\default\obj\ssl\ssl_stat.obj
g:\workspace\ichat\third_party\openssl\default\obj\ssl\ssl_lib.obj
g:\workspace\ichat\third_party\openssl\default\obj\ssl\ssl_conf.obj
g:\workspace\ichat\third_party\openssl\default\obj\ssl\s3_both.obj
g:\workspace\ichat\third_party\openssl\default\obj\ssl\bio_ssl.obj
g:\workspace\ichat\third_party\openssl\default\obj\ssl\s2_srvr.obj
g:\workspace\ichat\third_party\openssl\default\obj\ssl\s2_pkt.obj
g:\workspace\ichat\third_party\openssl\default\obj\ssl\s2_meth.obj
g:\workspace\ichat\third_party\openssl\default\obj\ssl\s2_lib.obj
g:\workspace\ichat\third_party\openssl\default\obj\ssl\s2_enc.obj
g:\workspace\ichat\third_party\openssl\default\obj\ssl\s2_clnt.obj
g:\workspace\ichat\third_party\openssl\default\obj\ssl\s23_srvr.obj
g:\workspace\ichat\third_party\openssl\default\obj\ssl\s23_pkt.obj
g:\workspace\ichat\third_party\openssl\default\obj\ssl\s23_meth.obj
g:\workspace\ichat\third_party\openssl\default\obj\ssl\s23_lib.obj
g:\workspace\ichat\third_party\openssl\default\obj\ssl\s23_clnt.obj
g:\workspace\ichat\third_party\openssl\default\obj\ssl\kssl.obj
g:\workspace\ichat\third_party\openssl\default\obj\ssl\d1_srvr.obj
g:\workspace\ichat\third_party\openssl\default\obj\ssl\d1_srtp.obj
g:\workspace\ichat\third_party\openssl\default\obj\ssl\d1_pkt.obj
g:\workspace\ichat\third_party\openssl\default\obj\ssl\d1_meth.obj
g:\workspace\ichat\third_party\openssl\default\obj\ssl\d1_lib.obj
g:\workspace\ichat\third_party\openssl\default\obj\ssl\d1_clnt.obj
g:\workspace\ichat\third_party\openssl\default\obj\ssl\d1_both.obj
g:\workspace\ichat\third_party\openssl\default\obj\ssl\ssl_txt.obj
g:\workspace\ichat\third_party\openssl\default\obj\ssl\ssl_rsa.obj
g:\workspace\ichat\third_party\openssl\default\obj\ssl\ssl_err2.obj
g:\workspace\ichat\third_party\openssl\default\obj\ssl\ssl_err.obj
g:\workspace\ichat\third_party\openssl\default\obj\ssl\ssl_cert.obj
g:\workspace\ichat\third_party\openssl\default\obj\ssl\ssl_asn1.obj
g:\workspace\ichat\third_party\openssl\default\obj\ssl\ssl_algs.obj
g:\workspace\ichat\third_party\openssl\default\obj\ssl\s3_srvr.obj
g:\workspace\ichat\third_party\openssl\default\obj\ssl\s3_pkt.obj
g:\workspace\ichat\third_party\openssl\default\obj\ssl\s3_meth.obj
g:\workspace\ichat\third_party\openssl\default\obj\ssl\s3_lib.obj
g:\workspace\ichat\third_party\openssl\default\obj\ssl\s3_enc.obj
g:\workspace\ichat\third_party\openssl\default\obj\ssl\s3_clnt.obj
g:\workspace\ichat\third_party\openssl\default\obj\ssl\s3_cbc.obj
g:\workspace\ichat\third_party\openssl\default\obj\ssl\tls_srp.obj
g:\workspace\ichat\third_party\openssl\default\obj\ssl\t1_trce.obj
g:\workspace\ichat\third_party\openssl\default\obj\ssl\t1_srvr.obj
g:\workspace\ichat\third_party\openssl\default\obj\ssl\t1_reneg.obj
g:\workspace\ichat\third_party\openssl\default\obj\ssl\t1_meth.obj
g:\workspace\ichat\third_party\openssl\default\obj\ssl\t1_ext.obj
g:\workspace\ichat\third_party\openssl\default\obj\ssl\t1_enc.obj
g:\workspace\ichat\third_party\openssl\default\obj\ssl\t1_clnt.obj
g:\workspace\ichat\third_party\openssl\default\obj\ssl\ssl_utst.obj
g:\workspace\ichat\third_party\openssl\default\obj\ssl\ssl.tlog\cl.command.1.tlog
g:\workspace\ichat\third_party\openssl\default\obj\ssl\ssl.tlog\cl.read.1.tlog
g:\workspace\ichat\third_party\openssl\default\obj\ssl\ssl.tlog\cl.write.1.tlog
